<?xml version="1.0" encoding="UTF-8"?>
<!-- Generated by org.testng.reporters.JUnitReportReporter -->
<testsuite hostname="Jyothi" failures="0" tests="1" name="testScript.HomeTest" time="4.470" errors="0" timestamp="2025-06-09T15:47:55 IST" skipped="0">
  <testcase classname="testScript.HomeTest" name="verifyWhetherTheUserIsAbleToLogout" time="4.470"/>
</testsuite> <!-- testScript.HomeTest -->
