<?xml version="1.0" encoding="UTF-8"?>
<!-- Generated by org.testng.reporters.JUnitReportReporter -->
<testsuite hostname="Jyothi" failures="0" tests="2" name="testScript.ManageFooterTextTest" time="9.081" errors="0" timestamp="2025-06-05T13:50:51 IST" skipped="0">
  <testcase classname="testScript.ManageFooterTextTest" name="isUpdateButtonDisplayed" time="5.058"/>
  <testcase classname="testScript.ManageFooterTextTest" name="ManageFooterTest" time="4.023"/>
</testsuite> <!-- testScript.ManageFooterTextTest -->
