<?xml version="1.0" encoding="UTF-8"?>
<!-- Generated by org.testng.reporters.JUnitReportReporter -->
<testsuite hostname="Jyothi" failures="0" tests="1" name="testScript.HomeTest" time="6.462" errors="0" timestamp="2025-06-09T12:13:22 IST" skipped="0">
  <testcase classname="testScript.HomeTest" name="verifyWhetherTheUserIsAbleToLogout" time="6.462"/>
</testsuite> <!-- testScript.HomeTest -->
