<?xml version="1.0" encoding="UTF-8"?>
<!-- Generated by org.testng.reporters.JUnitReportReporter -->
<testsuite hostname="Jyothi" failures="0" tests="1" name="testScript.ManageCategoryTest" time="9.409" errors="0" timestamp="2025-06-09T15:51:18 IST" skipped="0">
  <testcase classname="testScript.ManageCategoryTest" name="verifyWhetherTheUserIsAbleToAddNewCategory" time="9.409"/>
</testsuite> <!-- testScript.ManageCategoryTest -->
