<?xml version="1.0" encoding="UTF-8"?>
<!-- Generated by org.testng.reporters.JUnitReportReporter -->
<testsuite hostname="Jyothi" failures="0" tests="1" name="testScript.ManageContactTest" time="8.384" errors="0" timestamp="2025-06-09T12:21:36 IST" skipped="0">
  <testcase classname="testScript.ManageContactTest" name="verifyWhetherTheUserIsAbleToAddNewContact" time="8.384"/>
</testsuite> <!-- testScript.ManageContactTest -->
