<?xml version="1.0" encoding="UTF-8"?>
<!-- Generated by org.testng.reporters.JUnitReportReporter -->
<testsuite hostname="Jyothi" failures="0" tests="1" name="testScript.ManageCategoryTest" time="11.868" errors="0" timestamp="2025-06-09T12:25:53 IST" skipped="0">
  <testcase classname="testScript.ManageCategoryTest" name="verifyWhetherTheUserIsAbleToAddNewCategory" time="11.868"/>
</testsuite> <!-- testScript.ManageCategoryTest -->
