<?xml version="1.0" encoding="UTF-8"?>
<!-- Generated by org.testng.reporters.JUnitReportReporter -->
<testsuite hostname="Jyothi" failures="0" tests="3" name="testScript.ManageNewsTest" time="15.952" errors="0" timestamp="2025-06-08T20:15:25 IST" skipped="0">
  <testcase classname="testScript.ManageNewsTest" name="manageNewsTest1" time="5.937"/>
  <testcase classname="testScript.ManageNewsTest" name="manageNewsTest2" time="3.114"/>
  <testcase classname="testScript.ManageNewsTest" name="manageNewsTest" time="6.901"/>
</testsuite> <!-- testScript.ManageNewsTest -->
