<?xml version="1.0" encoding="UTF-8"?>
<!-- Generated by org.testng.reporters.JUnitReportReporter -->
<testsuite hostname="Jyothi" failures="0" tests="3" name="testScript.AdminUsersTest" time="71.358" errors="0" timestamp="2025-06-09T19:00:40 IST" skipped="2">
  <testcase classname="testScript.AdminUsersTest" name="verifyWhetherTheUserIsAbleToCreateNewAdminUser" time="15.751"/>
  <testcase classname="testScript.AdminUsersTest" name="verifyWhetherTheUserIsAbleToCreateNewAdminUser" time="40.288">
    <skipped/>
  </testcase> <!-- verifyWhetherTheUserIsAbleToCreateNewAdminUser -->
  <testcase classname="testScript.AdminUsersTest" name="verifyWhetherTheUserIsAbleToCreateNewAdminUser" time="15.319">
    <skipped/>
  </testcase> <!-- verifyWhetherTheUserIsAbleToCreateNewAdminUser -->
</testsuite> <!-- testScript.AdminUsersTest -->
