<?xml version="1.0" encoding="UTF-8"?>
<!-- Generated by org.testng.reporters.JUnitReportReporter -->
<testsuite hostname="Jyothi" failures="0" tests="2" name="testScript.ManageFooterTextTest" time="11.586" errors="0" timestamp="2025-06-09T12:22:47 IST" skipped="0">
  <testcase classname="testScript.ManageFooterTextTest" name="verifyWhetherTheUserIsAbleToAddNewInformation" time="6.047"/>
  <testcase classname="testScript.ManageFooterTextTest" name="verifyWhetherTheUpdateButtonIsDisplayedSuccessfully" time="5.539"/>
</testsuite> <!-- testScript.ManageFooterTextTest -->
